{
  "stats": {
    "suites": 1,
    "tests": 1,
    "passes": 1,
    "pending": 0,
    "failures": 0,
    "start": "2025-09-18T04:31:40.980Z",
    "end": "2025-09-18T04:31:47.672Z",
    "duration": 6692,
    "testsRegistered": 1,
    "passPercent": 100,
    "pendingPercent": 0,
    "other": 0,
    "hasOther": false,
    "skipped": 0,
    "hasSkipped": false
  },
  "results": [
    {
      "uuid": "4abb1192-1259-4a90-8d9f-e6de89f62083",
      "title": "",
      "fullFile": "cypress\\e2e\\17-09\\fixturesSauce.cy.js",
      "file": "cypress\\e2e\\17-09\\fixturesSauce.cy.js",
      "beforeHooks": [],
      "afterHooks": [],
      "tests": [],
      "suites": [
        {
          "uuid": "b8169a78-fb73-4634-980d-4e0421006b62",
          "title": "SauceDemo Login with Fixture",
          "fullFile": "",
          "file": "",
          "beforeHooks": [],
          "afterHooks": [],
          "tests": [
            {
              "title": "should login using fixture data",
              "fullTitle": "SauceDemo Login with Fixture should login using fixture data",
              "timedOut": null,
              "duration": 3450,
              "state": "passed",
              "speed": "fast",
              "pass": true,
              "fail": false,
              "pending": false,
              "context": null,
              "code": "let url = 'https://www.saucedemo.com/';\ncy.visit(url);\ncy.fixture('userSauce').then(userData => {\n  cy.loginSauce(userData.username, userData.password, url);\n  // cy.get('[data-test=\"username\"]').type(userData.username);\n  // cy.get('[data-test=\"password\"]').type(userData.password);\n  // });\n  // cy.get('[data-test=\"login-button\"]').click();\n  // Verify successful login\n  cy.url().should('include', '/inventory.html');\n});",
              "err": {},
              "uuid": "1ec8a819-f168-48b6-b67e-b8d57e982bfd",
              "parentUUID": "b8169a78-fb73-4634-980d-4e0421006b62",
              "isHook": false,
              "skipped": false
            }
          ],
          "suites": [],
          "passes": [
            "1ec8a819-f168-48b6-b67e-b8d57e982bfd"
          ],
          "failures": [],
          "pending": [],
          "skipped": [],
          "duration": 3450,
          "root": false,
          "rootEmpty": false,
          "_timeout": 2000
        }
      ],
      "passes": [],
      "failures": [],
      "pending": [],
      "skipped": [],
      "duration": 0,
      "root": true,
      "rootEmpty": true,
      "_timeout": 2000
    }
  ],
  "meta": {
    "mocha": {
      "version": "7.2.0"
    },
    "mochawesome": {
      "options": {
        "quiet": false,
        "reportFilename": "mochawesome",
        "saveHtml": true,
        "saveJson": true,
        "consoleReporter": "spec",
        "useInlineDiffs": false,
        "code": true
      },
      "version": "7.1.4"
    },
    "marge": {
      "options": {
        "reportDir": "cypress/reports",
        "overwrite": false,
        "html": true,
        "json": true,
        "charts": true,
        "reportPageTitle": "OrangeHRM Test Report",
        "inlineAssets": true
      },
      "version": "6.3.0"
    }
  }
}