{
  "stats": {
    "suites": 1,
    "tests": 2,
    "passes": 2,
    "pending": 0,
    "failures": 0,
    "start": "2025-09-18T04:31:07.976Z",
    "end": "2025-09-18T04:31:24.820Z",
    "duration": 16844,
    "testsRegistered": 2,
    "passPercent": 100,
    "pendingPercent": 0,
    "other": 0,
    "hasOther": false,
    "skipped": 0,
    "hasSkipped": false
  },
  "results": [
    {
      "uuid": "36f89112-a129-44a5-8ba1-d30ade155a5b",
      "title": "",
      "fullFile": "cypress\\e2e\\17-09\\errorhandling.cy.js",
      "file": "cypress\\e2e\\17-09\\errorhandling.cy.js",
      "beforeHooks": [],
      "afterHooks": [],
      "tests": [],
      "suites": [
        {
          "uuid": "b6c7dfbd-6c7d-40c5-8bf7-72443ef08a4e",
          "title": "OrangeHRM Error Handling Examples",
          "fullFile": "",
          "file": "",
          "beforeHooks": [],
          "afterHooks": [],
          "tests": [
            {
              "title": "handles element not found gracefully",
              "fullTitle": "OrangeHRM Error Handling Examples handles element not found gracefully",
              "timedOut": null,
              "duration": 7322,
              "state": "passed",
              "speed": "medium",
              "pass": true,
              "fail": false,
              "pending": false,
              "context": null,
              "code": "cy.visit('https://opensource-demo.orangehrmlive.com/web/index.php/auth/login');\n// Check if element exists before interacting\ncy.get('input[name=\"username\"]').should('exist').type('Admin');\ncy.get('input[name=\"password\"]').should('exist').type('admin123');\n// Handle login with potential errors\ncy.get('button[type=\"submit\"]').click();\n// Check URL to determine if login was successful\ncy.url().then(url => {\n  if (url.includes('/auth/login')) {\n    // Login failed - check for error message\n    cy.get('.oxd-alert-content').should('exist').then($error => {\n      cy.log('Login failed with error: ' + $error.text());\n      cy.screenshot('login-error');\n    });\n  } else {\n    // Login successful\n    cy.url().should('include', '/dashboard');\n  }\n});",
              "err": {},
              "uuid": "f2503c20-6d10-4666-a443-7873ab99164b",
              "parentUUID": "b6c7dfbd-6c7d-40c5-8bf7-72443ef08a4e",
              "isHook": false,
              "skipped": false
            },
            {
              "title": "handles network errors gracefully",
              "fullTitle": "OrangeHRM Error Handling Examples handles network errors gracefully",
              "timedOut": null,
              "duration": 5787,
              "state": "passed",
              "speed": "medium",
              "pass": true,
              "fail": false,
              "pending": false,
              "context": null,
              "code": "// Intercept API calls and handle errors\ncy.intercept('GET', '**/api/**').as('apiCall');\ncy.visit('https://opensource-demo.orangehrmlive.com/web/index.php/auth/login');\ncy.get('input[name=\"username\"]').type('Admin');\ncy.get('input[name=\"password\"]').type('admin123');\ncy.get('button[type=\"submit\"]').click();\n// Wait for API call and handle potential failure\ncy.wait('@apiCall').then(interception => {\n  if (interception.response.statusCode >= 400) {\n    cy.log('API call failed: ' + interception.response.statusCode);\n    cy.screenshot('api-failure');\n  }\n});",
              "err": {},
              "uuid": "0a789f11-e5ec-4812-ac5d-c27631419408",
              "parentUUID": "b6c7dfbd-6c7d-40c5-8bf7-72443ef08a4e",
              "isHook": false,
              "skipped": false
            }
          ],
          "suites": [],
          "passes": [
            "f2503c20-6d10-4666-a443-7873ab99164b",
            "0a789f11-e5ec-4812-ac5d-c27631419408"
          ],
          "failures": [],
          "pending": [],
          "skipped": [],
          "duration": 13109,
          "root": false,
          "rootEmpty": false,
          "_timeout": 2000
        }
      ],
      "passes": [],
      "failures": [],
      "pending": [],
      "skipped": [],
      "duration": 0,
      "root": true,
      "rootEmpty": true,
      "_timeout": 2000
    }
  ],
  "meta": {
    "mocha": {
      "version": "7.2.0"
    },
    "mochawesome": {
      "options": {
        "quiet": false,
        "reportFilename": "mochawesome",
        "saveHtml": true,
        "saveJson": true,
        "consoleReporter": "spec",
        "useInlineDiffs": false,
        "code": true
      },
      "version": "7.1.4"
    },
    "marge": {
      "options": {
        "reportDir": "cypress/reports",
        "overwrite": false,
        "html": true,
        "json": true,
        "charts": true,
        "reportPageTitle": "OrangeHRM Test Report",
        "inlineAssets": true
      },
      "version": "6.3.0"
    }
  }
}