{
  "stats": {
    "suites": 1,
    "tests": 2,
    "passes": 2,
    "pending": 0,
    "failures": 0,
    "start": "2025-09-18T04:30:03.778Z",
    "end": "2025-09-18T04:30:23.794Z",
    "duration": 20016,
    "testsRegistered": 2,
    "passPercent": 100,
    "pendingPercent": 0,
    "other": 0,
    "hasOther": false,
    "skipped": 0,
    "hasSkipped": false
  },
  "results": [
    {
      "uuid": "a49a5cef-c588-4fec-a17d-46dc37d20b6b",
      "title": "",
      "fullFile": "cypress\\e2e\\17-09\\DataDriven2.cy.js",
      "file": "cypress\\e2e\\17-09\\DataDriven2.cy.js",
      "beforeHooks": [],
      "afterHooks": [],
      "tests": [],
      "suites": [
        {
          "uuid": "74c53ab4-e05e-477f-93bd-4646fbaf44cb",
          "title": "OrangeHRM Login - Data Driven Test",
          "fullFile": "",
          "file": "",
          "beforeHooks": [],
          "afterHooks": [],
          "tests": [
            {
              "title": "Valid credentials",
              "fullTitle": "OrangeHRM Login - Data Driven Test Valid credentials",
              "timedOut": null,
              "duration": 10424,
              "state": "passed",
              "speed": "slow",
              "pass": true,
              "fail": false,
              "pending": false,
              "context": null,
              "code": "cy.visit('https://opensource-demo.orangehrmlive.com/web/index.php/auth/login');\ncy.get('input[name=\"username\"]').clear().type(testCase.username);\ncy.get('input[name=\"password\"]').clear().type(testCase.password);\ncy.get('button[type=\"submit\"]').click();\nif (testCase.expectedResult === 'success') {\n  cy.url().should('include', '/dashboard');\n  cy.get('.oxd-topbar-header-title').should('contain', 'Dashboard');\n} else {\n  cy.get('.oxd-alert-content-text').should('contain', 'Invalid credentials');\n  cy.url().should('include', '/auth/login');\n}",
              "err": {},
              "uuid": "1f5acb85-4cfb-4adc-860b-602ee2d1aa2a",
              "parentUUID": "74c53ab4-e05e-477f-93bd-4646fbaf44cb",
              "isHook": false,
              "skipped": false
            },
            {
              "title": "Invalid password",
              "fullTitle": "OrangeHRM Login - Data Driven Test Invalid password",
              "timedOut": null,
              "duration": 4531,
              "state": "passed",
              "speed": "fast",
              "pass": true,
              "fail": false,
              "pending": false,
              "context": null,
              "code": "cy.visit('https://opensource-demo.orangehrmlive.com/web/index.php/auth/login');\ncy.get('input[name=\"username\"]').clear().type(testCase.username);\ncy.get('input[name=\"password\"]').clear().type(testCase.password);\ncy.get('button[type=\"submit\"]').click();\nif (testCase.expectedResult === 'success') {\n  cy.url().should('include', '/dashboard');\n  cy.get('.oxd-topbar-header-title').should('contain', 'Dashboard');\n} else {\n  cy.get('.oxd-alert-content-text').should('contain', 'Invalid credentials');\n  cy.url().should('include', '/auth/login');\n}",
              "err": {},
              "uuid": "9506513c-1886-403f-a7e6-7105108c96fb",
              "parentUUID": "74c53ab4-e05e-477f-93bd-4646fbaf44cb",
              "isHook": false,
              "skipped": false
            }
          ],
          "suites": [],
          "passes": [
            "1f5acb85-4cfb-4adc-860b-602ee2d1aa2a",
            "9506513c-1886-403f-a7e6-7105108c96fb"
          ],
          "failures": [],
          "pending": [],
          "skipped": [],
          "duration": 14955,
          "root": false,
          "rootEmpty": false,
          "_timeout": 2000
        }
      ],
      "passes": [],
      "failures": [],
      "pending": [],
      "skipped": [],
      "duration": 0,
      "root": true,
      "rootEmpty": true,
      "_timeout": 2000
    }
  ],
  "meta": {
    "mocha": {
      "version": "7.2.0"
    },
    "mochawesome": {
      "options": {
        "quiet": false,
        "reportFilename": "mochawesome",
        "saveHtml": true,
        "saveJson": true,
        "consoleReporter": "spec",
        "useInlineDiffs": false,
        "code": true
      },
      "version": "7.1.4"
    },
    "marge": {
      "options": {
        "reportDir": "cypress/reports",
        "overwrite": false,
        "html": true,
        "json": true,
        "charts": true,
        "reportPageTitle": "OrangeHRM Test Report",
        "inlineAssets": true
      },
      "version": "6.3.0"
    }
  }
}