{
  "stats": {
    "suites": 1,
    "tests": 1,
    "passes": 1,
    "pending": 0,
    "failures": 0,
    "start": "2025-09-18T04:31:28.267Z",
    "end": "2025-09-18T04:31:38.003Z",
    "duration": 9736,
    "testsRegistered": 1,
    "passPercent": 100,
    "pendingPercent": 0,
    "other": 0,
    "hasOther": false,
    "skipped": 0,
    "hasSkipped": false
  },
  "results": [
    {
      "uuid": "09b4abce-c05f-4635-91c8-1b69f75de0a2",
      "title": "",
      "fullFile": "cypress\\e2e\\17-09\\fixturesDemo.cy.js",
      "file": "cypress\\e2e\\17-09\\fixturesDemo.cy.js",
      "beforeHooks": [],
      "afterHooks": [],
      "tests": [],
      "suites": [
        {
          "uuid": "83f92383-4ba9-43f5-94b7-b49ce7a3a3a6",
          "title": "OrangeHRM Login with Fixture",
          "fullFile": "",
          "file": "",
          "beforeHooks": [],
          "afterHooks": [],
          "tests": [
            {
              "title": "should login using fixture data",
              "fullTitle": "OrangeHRM Login with Fixture should login using fixture data",
              "timedOut": null,
              "duration": 5816,
              "state": "passed",
              "speed": "medium",
              "pass": true,
              "fail": false,
              "pending": false,
              "context": null,
              "code": "let url = 'https://opensource-demo.orangehrmlive.com/web/index.php/auth/login';\ncy.visit(url);\n// This will use the overwritten type command and show console logs\ncy.fixture('users').then(userData => {\n  cy.get('input[name=\"username\"]').type(userData.username);\n  // Console: \"Typing: 'Admin'\"\n  cy.get('input[name=\"password\"]').type(userData.password);\n  // Console: \"Typing: 'admin123'\"\n});\ncy.get('button[type=\"submit\"]').click();\n// Verify successful login\ncy.url().should('include', '/dashboard');\ncy.get('.oxd-topbar-header-title').should('contain', 'Dashboard');",
              "err": {},
              "uuid": "9d0a460f-aa6d-4ddf-98a3-4466a5e02d40",
              "parentUUID": "83f92383-4ba9-43f5-94b7-b49ce7a3a3a6",
              "isHook": false,
              "skipped": false
            }
          ],
          "suites": [],
          "passes": [
            "9d0a460f-aa6d-4ddf-98a3-4466a5e02d40"
          ],
          "failures": [],
          "pending": [],
          "skipped": [],
          "duration": 5816,
          "root": false,
          "rootEmpty": false,
          "_timeout": 2000
        }
      ],
      "passes": [],
      "failures": [],
      "pending": [],
      "skipped": [],
      "duration": 0,
      "root": true,
      "rootEmpty": true,
      "_timeout": 2000
    }
  ],
  "meta": {
    "mocha": {
      "version": "7.2.0"
    },
    "mochawesome": {
      "options": {
        "quiet": false,
        "reportFilename": "mochawesome",
        "saveHtml": true,
        "saveJson": true,
        "consoleReporter": "spec",
        "useInlineDiffs": false,
        "code": true
      },
      "version": "7.1.4"
    },
    "marge": {
      "options": {
        "reportDir": "cypress/reports",
        "overwrite": false,
        "html": true,
        "json": true,
        "charts": true,
        "reportPageTitle": "OrangeHRM Test Report",
        "inlineAssets": true
      },
      "version": "6.3.0"
    }
  }
}